android/app/build/intermediates/manifest_merge_blame_file/release/processReleaseMainManifest/manifest-merger-blame-release-report.txt
1<?xml version="1.0" encoding="utf-8"?>
2<manifest xmlns:android="http://schemas.android.com/apk/res/android"
3    package="com.enoshima.checkin"
4    android:versionCode="1"
5    android:versionName="1.0" >
6
7    <uses-sdk
8        android:minSdkVersion="24"
9        android:targetSdkVersion="34" />
10
11    <!-- 通信（GitHub Pages の読み込み・GAS への送信） -->
12    <uses-permission android:name="android.permission.INTERNET" />
12-->src\main\AndroidManifest.xml:5:5-67
12-->src\main\AndroidManifest.xml:5:22-64
13    <uses-permission android:name="android.permission.ACCESS_NETWORK_STATE" />
13-->src\main\AndroidManifest.xml:6:5-79
13-->src\main\AndroidManifest.xml:6:22-76
14
15    <!-- QRスキャン／パスポート・在留カード撮影で getUserMedia を使うため -->
16    <uses-permission android:name="android.permission.CAMERA" />
16-->src\main\AndroidManifest.xml:9:5-65
16-->src\main\AndroidManifest.xml:9:22-62
17    <!--
18         getUserMedia({audio:true}) は使っていないが、WebView が音声付きで
19         権限要求を出すケースに備えて宣言しておく
20    -->
21    <uses-permission android:name="android.permission.RECORD_AUDIO" />
21-->src\main\AndroidManifest.xml:12:5-71
21-->src\main\AndroidManifest.xml:12:22-68
22
23    <!--
24         ファイル選択フォールバック（capture属性つき input[type=file]）用。
25         Android 13+ では READ_MEDIA_IMAGES を使う
26    -->
27    <uses-permission
27-->src\main\AndroidManifest.xml:16:5-17:38
28        android:name="android.permission.READ_EXTERNAL_STORAGE"
28-->src\main\AndroidManifest.xml:16:22-77
29        android:maxSdkVersion="32" />
29-->src\main\AndroidManifest.xml:17:9-35
30    <uses-permission android:name="android.permission.READ_MEDIA_IMAGES" />
30-->src\main\AndroidManifest.xml:18:5-76
30-->src\main\AndroidManifest.xml:18:22-73
31
32    <!-- カメラが無い端末にもインストールできるようにする（required=false） -->
33    <uses-feature
33-->src\main\AndroidManifest.xml:21:5-85
34        android:name="android.hardware.camera"
34-->src\main\AndroidManifest.xml:21:19-57
35        android:required="false" />
35-->src\main\AndroidManifest.xml:21:58-82
36    <uses-feature
36-->src\main\AndroidManifest.xml:22:5-91
37        android:name="android.hardware.camera.front"
37-->src\main\AndroidManifest.xml:22:19-63
38        android:required="false" />
38-->src\main\AndroidManifest.xml:22:64-88
39    <uses-feature
39-->src\main\AndroidManifest.xml:23:5-90
40        android:name="android.hardware.touchscreen"
40-->src\main\AndroidManifest.xml:23:19-62
41        android:required="false" />
41-->src\main\AndroidManifest.xml:23:63-87
42
43    <permission
43-->[androidx.core:core:1.13.1] AndroidManifest.xml:22:5-24:47
44        android:name="com.enoshima.checkin.DYNAMIC_RECEIVER_NOT_EXPORTED_PERMISSION"
44-->[androidx.core:core:1.13.1] AndroidManifest.xml:23:9-81
45        android:protectionLevel="signature" />
45-->[androidx.core:core:1.13.1] AndroidManifest.xml:24:9-44
46
47    <uses-permission android:name="com.enoshima.checkin.DYNAMIC_RECEIVER_NOT_EXPORTED_PERMISSION" />
47-->[androidx.core:core:1.13.1] AndroidManifest.xml:26:5-97
47-->[androidx.core:core:1.13.1] AndroidManifest.xml:26:22-94
48
49    <application
49-->src\main\AndroidManifest.xml:25:5-64:19
50        android:allowBackup="false"
50-->src\main\AndroidManifest.xml:26:9-36
51        android:appComponentFactory="androidx.core.app.CoreComponentFactory"
51-->[androidx.core:core:1.13.1] AndroidManifest.xml:28:18-86
52        android:extractNativeLibs="false"
53        android:hardwareAccelerated="true"
53-->src\main\AndroidManifest.xml:31:9-43
54        android:icon="@mipmap/ic_launcher"
54-->src\main\AndroidManifest.xml:27:9-43
55        android:label="@string/app_name"
55-->src\main\AndroidManifest.xml:28:9-41
56        android:roundIcon="@mipmap/ic_launcher"
56-->src\main\AndroidManifest.xml:29:9-48
57        android:supportsRtl="false"
57-->src\main\AndroidManifest.xml:30:9-36
58        android:theme="@style/Theme.EnoshimaCheckin"
58-->src\main\AndroidManifest.xml:33:9-53
59        android:usesCleartextTraffic="true" >
59-->src\main\AndroidManifest.xml:32:9-44
60        <activity
60-->src\main\AndroidManifest.xml:35:9-51:20
61            android:name="com.enoshima.checkin.MainActivity"
61-->src\main\AndroidManifest.xml:36:13-41
62            android:configChanges="orientation|screenSize|smallestScreenSize|screenLayout|keyboardHidden|uiMode|density"
62-->src\main\AndroidManifest.xml:40:13-121
63            android:exported="true"
63-->src\main\AndroidManifest.xml:37:13-36
64            android:launchMode="singleTask"
64-->src\main\AndroidManifest.xml:39:13-44
65            android:screenOrientation="sensorLandscape"
65-->src\main\AndroidManifest.xml:38:13-56
66            android:windowSoftInputMode="adjustResize" >
66-->src\main\AndroidManifest.xml:41:13-55
67            <intent-filter>
67-->src\main\AndroidManifest.xml:43:13-50:29
68                <action android:name="android.intent.action.MAIN" />
68-->src\main\AndroidManifest.xml:44:17-69
68-->src\main\AndroidManifest.xml:44:25-66
69
70                <category android:name="android.intent.category.LAUNCHER" />
70-->src\main\AndroidManifest.xml:45:17-77
70-->src\main\AndroidManifest.xml:45:27-74
71                <!--
72                     キオスク運用時にホームアプリとして設定できるようにする（任意）。
73                     不要なら次の2行を削除してよい
74                -->
75                <category android:name="android.intent.category.HOME" />
75-->src\main\AndroidManifest.xml:48:17-73
75-->src\main\AndroidManifest.xml:48:27-70
76                <category android:name="android.intent.category.DEFAULT" />
76-->src\main\AndroidManifest.xml:49:17-76
76-->src\main\AndroidManifest.xml:49:27-73
77            </intent-filter>
78        </activity>
79
80        <!-- カメラ撮影のファイルフォールバックで一時ファイルを渡すため -->
81        <provider
82            android:name="androidx.core.content.FileProvider"
82-->src\main\AndroidManifest.xml:55:13-62
83            android:authorities="com.enoshima.checkin.fileprovider"
83-->src\main\AndroidManifest.xml:56:13-64
84            android:exported="false"
84-->src\main\AndroidManifest.xml:57:13-37
85            android:grantUriPermissions="true" >
85-->src\main\AndroidManifest.xml:58:13-47
86            <meta-data
86-->src\main\AndroidManifest.xml:59:13-61:54
87                android:name="android.support.FILE_PROVIDER_PATHS"
87-->src\main\AndroidManifest.xml:60:17-67
88                android:resource="@xml/file_paths" />
88-->src\main\AndroidManifest.xml:61:17-51
89        </provider>
90        <provider
90-->[androidx.profileinstaller:profileinstaller:1.3.1] AndroidManifest.xml:24:9-32:20
91            android:name="androidx.startup.InitializationProvider"
91-->[androidx.profileinstaller:profileinstaller:1.3.1] AndroidManifest.xml:25:13-67
92            android:authorities="com.enoshima.checkin.androidx-startup"
92-->[androidx.profileinstaller:profileinstaller:1.3.1] AndroidManifest.xml:26:13-68
93            android:exported="false" >
93-->[androidx.profileinstaller:profileinstaller:1.3.1] AndroidManifest.xml:27:13-37
94            <meta-data
94-->[androidx.profileinstaller:profileinstaller:1.3.1] AndroidManifest.xml:29:13-31:52
95                android:name="androidx.profileinstaller.ProfileInstallerInitializer"
95-->[androidx.profileinstaller:profileinstaller:1.3.1] AndroidManifest.xml:30:17-85
96                android:value="androidx.startup" />
96-->[androidx.profileinstaller:profileinstaller:1.3.1] AndroidManifest.xml:31:17-49
97        </provider>
98
99        <receiver
99-->[androidx.profileinstaller:profileinstaller:1.3.1] AndroidManifest.xml:34:9-52:20
100            android:name="androidx.profileinstaller.ProfileInstallReceiver"
100-->[androidx.profileinstaller:profileinstaller:1.3.1] AndroidManifest.xml:35:13-76
101            android:directBootAware="false"
101-->[androidx.profileinstaller:profileinstaller:1.3.1] AndroidManifest.xml:36:13-44
102            android:enabled="true"
102-->[androidx.profileinstaller:profileinstaller:1.3.1] AndroidManifest.xml:37:13-35
103            android:exported="true"
103-->[androidx.profileinstaller:profileinstaller:1.3.1] AndroidManifest.xml:38:13-36
104            android:permission="android.permission.DUMP" >
104-->[androidx.profileinstaller:profileinstaller:1.3.1] AndroidManifest.xml:39:13-57
105            <intent-filter>
105-->[androidx.profileinstaller:profileinstaller:1.3.1] AndroidManifest.xml:40:13-42:29
106                <action android:name="androidx.profileinstaller.action.INSTALL_PROFILE" />
106-->[androidx.profileinstaller:profileinstaller:1.3.1] AndroidManifest.xml:41:17-91
106-->[androidx.profileinstaller:profileinstaller:1.3.1] AndroidManifest.xml:41:25-88
107            </intent-filter>
108            <intent-filter>
108-->[androidx.profileinstaller:profileinstaller:1.3.1] AndroidManifest.xml:43:13-45:29
109                <action android:name="androidx.profileinstaller.action.SKIP_FILE" />
109-->[androidx.profileinstaller:profileinstaller:1.3.1] AndroidManifest.xml:44:17-85
109-->[androidx.profileinstaller:profileinstaller:1.3.1] AndroidManifest.xml:44:25-82
110            </intent-filter>
111            <intent-filter>
111-->[androidx.profileinstaller:profileinstaller:1.3.1] AndroidManifest.xml:46:13-48:29
112                <action android:name="androidx.profileinstaller.action.SAVE_PROFILE" />
112-->[androidx.profileinstaller:profileinstaller:1.3.1] AndroidManifest.xml:47:17-88
112-->[androidx.profileinstaller:profileinstaller:1.3.1] AndroidManifest.xml:47:25-85
113            </intent-filter>
114            <intent-filter>
114-->[androidx.profileinstaller:profileinstaller:1.3.1] AndroidManifest.xml:49:13-51:29
115                <action android:name="androidx.profileinstaller.action.BENCHMARK_OPERATION" />
115-->[androidx.profileinstaller:profileinstaller:1.3.1] AndroidManifest.xml:50:17-95
115-->[androidx.profileinstaller:profileinstaller:1.3.1] AndroidManifest.xml:50:25-92
116            </intent-filter>
117        </receiver>
118    </application>
119
120</manifest>